[debug] [2018-04-08T18:54:36.576Z] ----------------------------------------------------------------------
[debug] [2018-04-08T18:54:36.578Z] Command:       /usr/local/Cellar/node/9.5.0/bin/node /usr/local/bin/firebase login
[debug] [2018-04-08T18:54:36.578Z] CLI Version:   3.18.2
[debug] [2018-04-08T18:54:36.578Z] Platform:      darwin
[debug] [2018-04-08T18:54:36.578Z] Node Version:  v9.5.0
[debug] [2018-04-08T18:54:36.579Z] Time:          Sun Apr 08 2018 19:54:36 GMT+0100 (BST)
[debug] [2018-04-08T18:54:36.579Z] ----------------------------------------------------------------------
[debug] 
[info] 
[info] Visit this URL on any device to log in:
[info] https://accounts.google.com/o/oauth2/auth?client_id=563584335869-fgrhgmd47bqnekij5i8b5pr03ho849e6.apps.googleusercontent.com&scope=email%20openid%20https%3A%2F%2Fwww.googleapis.com%2Fauth%2Fcloudplatformprojects.readonly%20https%3A%2F%2Fwww.googleapis.com%2Fauth%2Ffirebase%20https%3A%2F%2Fwww.googleapis.com%2Fauth%2Fcloud-platform&response_type=code&state=558771398&redirect_uri=http%3A%2F%2Flocalhost%3A9005
[info] 
[info] Waiting for authentication...
[debug] [2018-04-08T18:55:03.909Z] ----------------------------------------------------------------------
[debug] [2018-04-08T18:55:03.911Z] Command:       /usr/local/Cellar/node/9.5.0/bin/node /usr/local/bin/firebase login
[debug] [2018-04-08T18:55:03.911Z] CLI Version:   3.18.2
[debug] [2018-04-08T18:55:03.911Z] Platform:      darwin
[debug] [2018-04-08T18:55:03.911Z] Node Version:  v9.5.0
[debug] [2018-04-08T18:55:03.912Z] Time:          Sun Apr 08 2018 19:55:03 GMT+0100 (BST)
[debug] [2018-04-08T18:55:03.912Z] ----------------------------------------------------------------------
[debug] 
[info] 
[info] Visit this URL on any device to log in:
[info] https://accounts.google.com/o/oauth2/auth?client_id=563584335869-fgrhgmd47bqnekij5i8b5pr03ho849e6.apps.googleusercontent.com&scope=email%20openid%20https%3A%2F%2Fwww.googleapis.com%2Fauth%2Fcloudplatformprojects.readonly%20https%3A%2F%2Fwww.googleapis.com%2Fauth%2Ffirebase%20https%3A%2F%2Fwww.googleapis.com%2Fauth%2Fcloud-platform&response_type=code&state=400593247&redirect_uri=http%3A%2F%2Flocalhost%3A9005
[info] 
[info] Waiting for authentication...
