0 info it worked if it ends with ok
1 verbose cli [ '/usr/local/Cellar/node/5.5.0/bin/node',
1 verbose cli   '/usr/local/bin/npm',
1 verbose cli   'start' ]
2 info using npm@3.5.3
3 info using node@v5.5.0
4 verbose run-script [ 'prestart', 'start', 'poststart' ]
5 info lifecycle client@1.0.0~prestart: client@1.0.0
6 silly lifecycle client@1.0.0~prestart: no script for prestart, continuing
7 info lifecycle client@1.0.0~start: client@1.0.0
8 verbose lifecycle client@1.0.0~start: unsafe-perm in lifecycle true
9 verbose lifecycle client@1.0.0~start: PATH: /usr/local/lib/node_modules/npm/bin/node-gyp-bin:/Users/keithdouglas/Desktop/CodeClan/javascript_play/react_clock/client/node_modules/.bin:/Users/keithdouglas/bin:/Applications/Postgres.app/Contents/Versions/9.4/bin:/Users/keithdouglas/.rbenv/shims:/Users/keithdouglas/.rbenv/shims:/usr/local/bin:/Users/keithdouglas/bin:/usr/local/bin:/usr/bin:/bin:/usr/sbin:/sbin
10 verbose lifecycle client@1.0.0~start: CWD: /Users/keithdouglas/Desktop/CodeClan/javascript_play/react_clock/client
11 silly lifecycle client@1.0.0~start: Args: [ '-c', 'webpack -w' ]
12 silly lifecycle client@1.0.0~start: Returned: code: 255  signal: null
13 info lifecycle client@1.0.0~start: Failed to exec start script
14 verbose stack Error: client@1.0.0 start: `webpack -w`
14 verbose stack Exit status 255
14 verbose stack     at EventEmitter.<anonymous> (/usr/local/lib/node_modules/npm/lib/utils/lifecycle.js:232:16)
14 verbose stack     at emitTwo (events.js:100:13)
14 verbose stack     at EventEmitter.emit (events.js:185:7)
14 verbose stack     at ChildProcess.<anonymous> (/usr/local/lib/node_modules/npm/lib/utils/spawn.js:24:14)
14 verbose stack     at emitTwo (events.js:100:13)
14 verbose stack     at ChildProcess.emit (events.js:185:7)
14 verbose stack     at maybeClose (internal/child_process.js:821:16)
14 verbose stack     at Process.ChildProcess._handle.onexit (internal/child_process.js:211:5)
15 verbose pkgid client@1.0.0
16 verbose cwd /Users/keithdouglas/Desktop/CodeClan/javascript_play/react_clock/client
17 error Darwin 15.5.0
18 error argv "/usr/local/Cellar/node/5.5.0/bin/node" "/usr/local/bin/npm" "start"
19 error node v5.5.0
20 error npm  v3.5.3
21 error code ELIFECYCLE
22 error client@1.0.0 start: `webpack -w`
22 error Exit status 255
23 error Failed at the client@1.0.0 start script 'webpack -w'.
23 error Make sure you have the latest version of node.js and npm installed.
23 error If you do, this is most likely a problem with the client package,
23 error not with npm itself.
23 error Tell the author that this fails on your system:
23 error     webpack -w
23 error You can get information on how to open an issue for this project with:
23 error     npm bugs client
23 error Or if that isn't available, you can get their info via:
23 error     npm owner ls client
23 error There is likely additional logging output above.
24 verbose exit [ 1, true ]
